Thu 09 Mar 2023 03:54:41 PM UTC: 
 exercises.c | 0
 1 file changed, 0 insertions(+), 0 deletions(-)
 tests:  0|7
total_score: 0/70
99a8040
Fri 10 Mar 2023 11:53:12 AM UTC: 
 exercises.c | 3 +++
 1 file changed, 3 insertions(+)
In file included from test.c:5:
exercises.c: In function ‘swap’:
exercises.c:16:7: error: unused variable ‘aux’ [-Werror=unused-variable]
   16 |   int aux= *a;
      |       ^~~
cc1: all warnings being treated as errors
Compilation failed
1046ae0
Fri 10 Mar 2023 11:53:26 AM UTC: 
 exercises.c | 2 +-
 1 file changed, 1 insertion(+), 1 deletion(-)
 tests:  1|6
total_score: 10/70
8e36c83
Fri 10 Mar 2023 12:04:54 PM UTC: 
 exercises.c | 16 +++++++++++++++-
 1 file changed, 15 insertions(+), 1 deletion(-)
In file included from test.c:5:
exercises.c:29:30: error: unknown type name ‘cons’; did you mean ‘const’?
   29 | int cmp (const void *pivote, cons void *element)
      |                              ^~~~
      |                              const
exercises.c: In function ‘arrayMaxMin’:
exercises.c:42:25: error: ‘cmp’ undeclared (first use in this function); did you mean ‘bcmp’?
   42 |   qsort(a,n,sizeof(int),cmp)
      |                         ^~~
      |                         bcmp
exercises.c:42:25: note: each undeclared identifier is reported only once for each function it appears in
Compilation failed
34b4212
Fri 10 Mar 2023 12:05:12 PM UTC: 
 exercises.c | 2 +-
 1 file changed, 1 insertion(+), 1 deletion(-)
In file included from test.c:5:
exercises.c: In function ‘arrayMaxMin’:
exercises.c:42:3: error: void value not ignored as it ought to be
   42 |   qsort(a,n,sizeof(int),cmp)
      |   ^~~~~~~~~~~~~~~~~~~~~~~~~~
Compilation failed
2221ace
Fri 10 Mar 2023 12:06:15 PM UTC: 
 exercises.c | 4 ++--
 1 file changed, 2 insertions(+), 2 deletions(-)
In file included from test.c:5:
exercises.c: In function ‘arrayMaxMin’:
exercises.c:42:3: error: void value not ignored as it ought to be
   42 |   qsort(a,n,sizeof(int),cmp)
      |   ^~~~~~~~~~~~~~~~~~~~~~~~~~
Compilation failed
411e08b
Fri 10 Mar 2023 12:07:55 PM UTC: 
 exercises.c | 2 +-
 1 file changed, 1 insertion(+), 1 deletion(-)
 tests:  1|6
total_score: 10/70
74f5d37
Fri 10 Mar 2023 12:08:17 PM UTC: 
 exercises.c | 2 +-
 1 file changed, 1 insertion(+), 1 deletion(-)
 tests:  2|5
total_score: 20/70
4bb4e92
Fri 17 Mar 2023 11:23:03 AM UTC: 
 exercises.c | 2 +-
 1 file changed, 1 insertion(+), 1 deletion(-)
In file included from test.c:5:
exercises.c: In function ‘crearPersona’:
exercises.c:65:23: error: ‘p’ is a pointer; did you mean to use ‘->’?
   65 |   scanf("%s[29^\n]", p.nombre);
      |                       ^
      |                       ->
Compilation failed
7d46dae
Fri 17 Mar 2023 11:23:22 AM UTC: 
 exercises.c | 2 +-
 1 file changed, 1 insertion(+), 1 deletion(-)
In file included from test.c:5:
exercises.c: In function ‘crearPersona’:
exercises.c:65:3: error: ignoring return value of ‘scanf’ declared with attribute ‘warn_unused_result’ [-Werror=unused-result]
   65 |   scanf("%s[29^\n]", p->nombre);
      |   ^~~~~~~~~~~~~~~~~~~~~~~~~~~~~
cc1: all warnings being treated as errors
Compilation failed
f7dd151
Fri 17 Mar 2023 11:23:45 AM UTC: 
 exercises.c | 2 +-
 1 file changed, 1 insertion(+), 1 deletion(-)
In file included from test.c:5:
exercises.c: In function ‘crearPersona’:
exercises.c:65:3: error: ignoring return value of ‘scanf’ declared with attribute ‘warn_unused_result’ [-Werror=unused-result]
   65 |   scanf("%s[^29]", p->nombre);
      |   ^~~~~~~~~~~~~~~~~~~~~~~~~~~
cc1: all warnings being treated as errors
Compilation failed
1f4d041
Fri 17 Mar 2023 11:24:05 AM UTC: 
 exercises.c | 2 +-
 1 file changed, 1 insertion(+), 1 deletion(-)
In file included from test.c:5:
exercises.c: In function ‘crearPersona’:
exercises.c:65:11: error: format ‘%s’ expects argument of type ‘char *’, but argument 2 has type ‘int’ [-Werror=format=]
   65 |   scanf("%s[^29]", *p->nombre);
      |          ~^        ~~~~~~~~~~
      |           |        |
      |           char *   int
exercises.c:65:3: error: ignoring return value of ‘scanf’ declared with attribute ‘warn_unused_result’ [-Werror=unused-result]
   65 |   scanf("%s[^29]", *p->nombre);
      |   ^~~~~~~~~~~~~~~~~~~~~~~~~~~~
cc1: all warnings being treated as errors
Compilation failed
248f5d6
Fri 17 Mar 2023 11:24:22 AM UTC: 
 exercises.c | 2 +-
 1 file changed, 1 insertion(+), 1 deletion(-)
In file included from test.c:5:
exercises.c: In function ‘crearPersona’:
exercises.c:65:11: error: format ‘%s’ expects argument of type ‘char *’, but argument 2 has type ‘char (*)[30]’ [-Werror=format=]
   65 |   scanf("%s[^29]", &p->nombre);
      |          ~^        ~~~~~~~~~~
      |           |        |
      |           char *   char (*)[30]
exercises.c:65:3: error: ignoring return value of ‘scanf’ declared with attribute ‘warn_unused_result’ [-Werror=unused-result]
   65 |   scanf("%s[^29]", &p->nombre);
      |   ^~~~~~~~~~~~~~~~~~~~~~~~~~~~
cc1: all warnings being treated as errors
Compilation failed
c994c9b
Fri 17 Mar 2023 11:24:45 AM UTC: 
 exercises.c | 2 +-
 1 file changed, 1 insertion(+), 1 deletion(-)
In file included from test.c:5:
exercises.c: In function ‘crearPersona’:
exercises.c:65:3: error: ignoring return value of ‘scanf’ declared with attribute ‘warn_unused_result’ [-Werror=unused-result]
   65 |   scanf("%s[^29]", p->nombre);
      |   ^~~~~~~~~~~~~~~~~~~~~~~~~~~
cc1: all warnings being treated as errors
Compilation failed
108fb2b
Fri 17 Mar 2023 11:25:06 AM UTC: 
 exercises.c | 1 +
 1 file changed, 1 insertion(+)
In file included from test.c:5:
exercises.c: In function ‘crearPersona’:
exercises.c:65:3: error: ignoring return value of ‘scanf’ declared with attribute ‘warn_unused_result’ [-Werror=unused-result]
   65 |   scanf("%s[^29]", p->nombre);
      |   ^~~~~~~~~~~~~~~~~~~~~~~~~~~
cc1: all warnings being treated as errors
Compilation failed
eed0c47
Fri 17 Mar 2023 11:25:58 AM UTC: 
 exercises.c | 3 ++-
 1 file changed, 2 insertions(+), 1 deletion(-)
In file included from test.c:5:
exercises.c: In function ‘crearPersona’:
exercises.c:65:3: error: ignoring return value of ‘scanf’ declared with attribute ‘warn_unused_result’ [-Werror=unused-result]
   65 |   scanf("%s[29]", p->nombre);
      |   ^~~~~~~~~~~~~~~~~~~~~~~~~~
exercises.c:67:3: error: ignoring return value of ‘scanf’ declared with attribute ‘warn_unused_result’ [-Werror=unused-result]
   67 |   scanf("%s[10]", p->rut);
      |   ^~~~~~~~~~~~~~~~~~~~~~~
cc1: all warnings being treated as errors
Compilation failed
b27d14d
Fri 17 Mar 2023 11:28:19 AM UTC: 
 exercises.c | 6 ++++--
 1 file changed, 4 insertions(+), 2 deletions(-)
In file included from test.c:5:
exercises.c: In function ‘crearPersona’:
exercises.c:65:3: error: ignoring return value of ‘scanf’ declared with attribute ‘warn_unused_result’ [-Werror=unused-result]
   65 |   scanf("%s[29]", p[0].nombre);
      |   ^~~~~~~~~~~~~~~~~~~~~~~~~~~~
exercises.c:67:3: error: ignoring return value of ‘scanf’ declared with attribute ‘warn_unused_result’ [-Werror=unused-result]
   67 |   scanf("%s[10]", p[0].rut);
      |   ^~~~~~~~~~~~~~~~~~~~~~~~~
cc1: all warnings being treated as errors
Compilation failed
3108be1
Fri 17 Mar 2023 11:29:30 AM UTC: 
 exercises.c | 2 +-
 1 file changed, 1 insertion(+), 1 deletion(-)
In file included from test.c:5:
exercises.c: In function ‘crearPersona’:
exercises.c:69:11: error: format ‘%i’ expects argument of type ‘int *’, but argument 2 has type ‘int’ [-Werror=format=]
   69 |   scanf("%i", p[0].edad)
      |          ~^   ~~~~~~~~~
      |           |       |
      |           int *   int
exercises.c:69:25: error: expected ‘;’ before ‘return’
   69 |   scanf("%i", p[0].edad)
      |                         ^
      |                         ;
   70 | 
   71 |    return p;
      |    ~~~~~~                
exercises.c:65:3: error: ignoring return value of ‘scanf’ declared with attribute ‘warn_unused_result’ [-Werror=unused-result]
   65 |   scanf("%s[29]", p[0].nombre);
      |   ^~~~~~~~~~~~~~~~~~~~~~~~~~~~
exercises.c:67:3: error: ignoring return value of ‘scanf’ declared with attribute ‘warn_unused_result’ [-Werror=unused-result]
   67 |   scanf("%s[10]", p[0].rut);
      |   ^~~~~~~~~~~~~~~~~~~~~~~~~
exercises.c:69:3: error: ignoring return value of ‘scanf’ declared with attribute ‘warn_unused_result’ [-Werror=unused-result]
   69 |   scanf("%i", p[0].edad)
      |   ^~~~~~~~~~~~~~~~~~~~~~
exercises.c:72:1: error: control reaches end of non-void function [-Werror=return-type]
   72 | }
      | ^
cc1: all warnings being treated as errors
Compilation failed
9a57686
Fri 17 Mar 2023 11:29:59 AM UTC: 
 exercises.c | 2 +-
 1 file changed, 1 insertion(+), 1 deletion(-)
In file included from test.c:5:
exercises.c: In function ‘crearPersona’:
exercises.c:69:11: error: format ‘%i’ expects argument of type ‘int *’, but argument 2 has type ‘int’ [-Werror=format=]
   69 |   scanf("%i", p[0].edad);
      |          ~^   ~~~~~~~~~
      |           |       |
      |           int *   int
exercises.c:65:3: error: ignoring return value of ‘scanf’ declared with attribute ‘warn_unused_result’ [-Werror=unused-result]
   65 |   scanf("%s[29]", p[0].nombre);
      |   ^~~~~~~~~~~~~~~~~~~~~~~~~~~~
exercises.c:67:3: error: ignoring return value of ‘scanf’ declared with attribute ‘warn_unused_result’ [-Werror=unused-result]
   67 |   scanf("%s[10]", p[0].rut);
      |   ^~~~~~~~~~~~~~~~~~~~~~~~~
exercises.c:69:3: error: ignoring return value of ‘scanf’ declared with attribute ‘warn_unused_result’ [-Werror=unused-result]
   69 |   scanf("%i", p[0].edad);
      |   ^~~~~~~~~~~~~~~~~~~~~~
cc1: all warnings being treated as errors
Compilation failed
9434cbf
Fri 17 Mar 2023 11:30:16 AM UTC: 
 exercises.c | 2 +-
 1 file changed, 1 insertion(+), 1 deletion(-)
In file included from test.c:5:
exercises.c: In function ‘crearPersona’:
exercises.c:69:11: error: format ‘%d’ expects argument of type ‘int *’, but argument 2 has type ‘int’ [-Werror=format=]
   69 |   scanf("%d", p[0].edad);
      |          ~^   ~~~~~~~~~
      |           |       |
      |           int *   int
exercises.c:65:3: error: ignoring return value of ‘scanf’ declared with attribute ‘warn_unused_result’ [-Werror=unused-result]
   65 |   scanf("%s[29]", p[0].nombre);
      |   ^~~~~~~~~~~~~~~~~~~~~~~~~~~~
exercises.c:67:3: error: ignoring return value of ‘scanf’ declared with attribute ‘warn_unused_result’ [-Werror=unused-result]
   67 |   scanf("%s[10]", p[0].rut);
      |   ^~~~~~~~~~~~~~~~~~~~~~~~~
exercises.c:69:3: error: ignoring return value of ‘scanf’ declared with attribute ‘warn_unused_result’ [-Werror=unused-result]
   69 |   scanf("%d", p[0].edad);
      |   ^~~~~~~~~~~~~~~~~~~~~~
cc1: all warnings being treated as errors
Compilation failed
572dc75
Fri 17 Mar 2023 11:30:27 AM UTC: 
 exercises.c | 2 +-
 1 file changed, 1 insertion(+), 1 deletion(-)
In file included from test.c:5:
exercises.c: In function ‘crearPersona’:
exercises.c:65:3: error: ignoring return value of ‘scanf’ declared with attribute ‘warn_unused_result’ [-Werror=unused-result]
   65 |   scanf("%s[29]", p[0].nombre);
      |   ^~~~~~~~~~~~~~~~~~~~~~~~~~~~
exercises.c:67:3: error: ignoring return value of ‘scanf’ declared with attribute ‘warn_unused_result’ [-Werror=unused-result]
   67 |   scanf("%s[10]", p[0].rut);
      |   ^~~~~~~~~~~~~~~~~~~~~~~~~
exercises.c:69:3: error: ignoring return value of ‘scanf’ declared with attribute ‘warn_unused_result’ [-Werror=unused-result]
   69 |   scanf("%d", &p[0].edad);
      |   ^~~~~~~~~~~~~~~~~~~~~~~
cc1: all warnings being treated as errors
Compilation failed
b9e54e6
Fri 17 Mar 2023 11:35:33 AM UTC: 
 exercises.c | 8 +++-----
 1 file changed, 3 insertions(+), 5 deletions(-)
 tests:  0|0
6f0ca59
Fri 17 Mar 2023 11:37:15 AM UTC: 
 exercises.c | 6 +++---
 1 file changed, 3 insertions(+), 3 deletions(-)
In file included from test.c:5:
exercises.c: In function ‘crearPersona’:
exercises.c:65:18: error: ‘p’ is a pointer; did you mean to use ‘->’?
   65 |   strcpy(nombre,p.nombre);
      |                  ^
      |                  ->
exercises.c:66:15: error: ‘p’ is a pointer; did you mean to use ‘->’?
   66 |   strcpy(rut,p.rut);
      |               ^
      |               ->
exercises.c:67:4: error: ‘p’ is a pointer; did you mean to use ‘->’?
   67 |   p.edad= edad;
      |    ^
      |    ->
Compilation failed
93504ef
Fri 17 Mar 2023 11:37:50 AM UTC: 
 exercises.c | 6 +++---
 1 file changed, 3 insertions(+), 3 deletions(-)
 tests:  0|0
4561c54
Fri 17 Mar 2023 11:39:41 AM UTC: 
 exercises.c | 6 +++---
 1 file changed, 3 insertions(+), 3 deletions(-)
 tests:  3|4
total_score: 30/70
4b26b2c
